Arguments: 
  /Users/albertmuravcev/.nvm/versions/node/v18.14.0/bin/node /opt/homebrew/Cellar/yarn/1.22.19/libexec/bin/yarn.js config get npmScopes --json

PATH: 
  /Users/albertmuravcev/.nvm/versions/node/v18.14.0/bin:/Users/albertmuravcev/.nvm/versions/node/v16.18.1/bin:/opt/homebrew/bin:/opt/homebrew/sbin:/usr/local/bin:/usr/bin:/bin:/usr/sbin:/sbin:/Users/albertmuravcev/Library/Application Support/JetBrains/Toolbox/scripts

Yarn version: 
  1.22.19

Node version: 
  18.14.0

Platform: 
  darwin arm64

Trace: 
  SyntaxError: /Users/albertmuravcev/WebstormProjects/dms/packages/server/package.json: Unexpected token } in JSON at position 547
      at JSON.parse (<anonymous>)
      at /opt/homebrew/Cellar/yarn/1.22.19/libexec/lib/cli.js:1629:59
      at Generator.next (<anonymous>)
      at step (/opt/homebrew/Cellar/yarn/1.22.19/libexec/lib/cli.js:310:30)
      at /opt/homebrew/Cellar/yarn/1.22.19/libexec/lib/cli.js:321:13

npm manifest: 
  {
    "name": "server",
    "version": "1.0.0",
    "description": "",
    "type": "module",
    "scripts": {
      "build": "tsc --p ./tsconfig.prod.json",
      "preview": "node ./dist/index.js",
      "dev": "cross-env NODE_ENV=development nodemon index.ts",
      "lint": "eslint .",
      "format": "prettier --write .",
      "test": "jest ."
    },
    "dependencies": {
      "cors": "^2.8.5",
      "cross-env": "^7.0.3",
      "dotenv": "^16.0.2",
      "eslint-config-prettier": "^8.5.0",
      "express": "^4.18.1",
      "pg": "^8.8.0",
      "prettier": "^2.7.1",
      ""
    },
    "devDependencies": {
      "@types/cors": "^2.8.12",
      "@types/express": "^4.17.13",
      "@types/jest": "^28.1.8",
      "@types/pg": "^8.6.5",
      "@typescript-eslint/eslint-plugin": "^5.35.1",
      "@typescript-eslint/parser": "^5.35.1",
      "babel-jest": "^29.0.1",
      "eslint": "^8.23.0",
      "jest": "^28",
      "nodemon": "^2.0.19",
      "prettier": "^2.7.1",
      "ts-jest": "^28.0.8",
      "ts-node": "^10.9.1",
      "typescript": "^4.8.2"
    },
    "license": "MIT"
  }

yarn manifest: 
  No manifest

Lockfile: 
  No lockfile
